<?xml version="1.0" encoding="UTF-8"?>
<!-- Generated by org.testng.reporters.JUnitReportReporter -->
<testsuite skipped="0" hostname="INCHLPT113" name="FileHandling.ReadFileDisplayData" tests="1" failures="0" timestamp="06 Nov 2019 17:43:19 GMT" time="0.077" errors="0">
  <testcase name="readDataFromFile" time="0.077" classname="FileHandling.ReadFileDisplayData"/>
</testsuite> <!-- FileHandling.ReadFileDisplayData -->
